<?xml version="1.0" encoding="UTF-8"?>
<testng-results ignored="0" total="2" passed="2" failed="0" skipped="0">
  <reporter-output>
  </reporter-output>
  <suite started-at="2025-04-19T15:08:57 IST" name="Suite" finished-at="2025-04-19T15:10:16 IST" duration-ms="79457">
    <groups>
      <group name="Master">
        <method signature="TC001_AccountRegistrationTest.verify_account_registration()[pri:0, instance:testCases.TC001_AccountRegistrationTest@10650953]" name="verify_account_registration" class="testCases.TC001_AccountRegistrationTest"/>
        <method signature="TC002_Logintest.testlogin()[pri:0, instance:testCases.TC002_Logintest@1cd201a8]" name="testlogin" class="testCases.TC002_Logintest"/>
      </group> <!-- Master -->
      <group name="Sanity">
        <method signature="TC002_Logintest.testlogin()[pri:0, instance:testCases.TC002_Logintest@1cd201a8]" name="testlogin" class="testCases.TC002_Logintest"/>
      </group> <!-- Sanity -->
      <group name="Regression">
        <method signature="TC001_AccountRegistrationTest.verify_account_registration()[pri:0, instance:testCases.TC001_AccountRegistrationTest@10650953]" name="verify_account_registration" class="testCases.TC001_AccountRegistrationTest"/>
        <method signature="TC002_Logintest.testlogin()[pri:0, instance:testCases.TC002_Logintest@1cd201a8]" name="testlogin" class="testCases.TC002_Logintest"/>
      </group> <!-- Regression -->
    </groups>
    <test started-at="2025-04-19T15:08:57 IST" name="Test" finished-at="2025-04-19T15:10:16 IST" duration-ms="79457">
      <class name="testCases.TC002_Logintest">
        <test-method is-config="true" signature="openbrowser(java.lang.String,java.lang.String)[pri:0, instance:testCases.TC002_Logintest@1cd201a8]" started-at="2025-04-19T15:09:46 IST" name="openbrowser" finished-at="2025-04-19T15:10:08 IST" duration-ms="22116" status="PASS">
          <params>
            <param index="0">
              <value>
                <![CDATA[windows]]>
              </value>
            </param>
            <param index="1">
              <value>
                <![CDATA[edge]]>
              </value>
            </param>
          </params>
          <reporter-output>
          </reporter-output>
        </test-method> <!-- openbrowser -->
        <test-method signature="testlogin()[pri:0, instance:testCases.TC002_Logintest@1cd201a8]" started-at="2025-04-19T15:10:08 IST" name="testlogin" finished-at="2025-04-19T15:10:13 IST" duration-ms="4962" status="PASS">
          <reporter-output>
          </reporter-output>
        </test-method> <!-- testlogin -->
        <test-method is-config="true" signature="closebrowser()[pri:0, instance:testCases.TC002_Logintest@1cd201a8]" started-at="2025-04-19T15:10:13 IST" name="closebrowser" finished-at="2025-04-19T15:10:16 IST" duration-ms="3756" status="PASS">
          <reporter-output>
          </reporter-output>
        </test-method> <!-- closebrowser -->
      </class> <!-- testCases.TC002_Logintest -->
      <class name="testCases.TC001_AccountRegistrationTest">
        <test-method is-config="true" signature="openbrowser(java.lang.String,java.lang.String)[pri:0, instance:testCases.TC001_AccountRegistrationTest@10650953]" started-at="2025-04-19T15:08:58 IST" name="openbrowser" finished-at="2025-04-19T15:09:26 IST" duration-ms="28866" status="PASS">
          <params>
            <param index="0">
              <value>
                <![CDATA[windows]]>
              </value>
            </param>
            <param index="1">
              <value>
                <![CDATA[edge]]>
              </value>
            </param>
          </params>
          <reporter-output>
          </reporter-output>
        </test-method> <!-- openbrowser -->
        <test-method signature="verify_account_registration()[pri:0, instance:testCases.TC001_AccountRegistrationTest@10650953]" started-at="2025-04-19T15:09:26 IST" name="verify_account_registration" finished-at="2025-04-19T15:09:43 IST" duration-ms="16122" status="PASS">
          <reporter-output>
          </reporter-output>
        </test-method> <!-- verify_account_registration -->
        <test-method is-config="true" signature="closebrowser()[pri:0, instance:testCases.TC001_AccountRegistrationTest@10650953]" started-at="2025-04-19T15:09:43 IST" name="closebrowser" finished-at="2025-04-19T15:09:46 IST" duration-ms="2990" status="PASS">
          <reporter-output>
          </reporter-output>
        </test-method> <!-- closebrowser -->
      </class> <!-- testCases.TC001_AccountRegistrationTest -->
    </test> <!-- Test -->
  </suite> <!-- Suite -->
</testng-results>
