<?xml version="1.0" encoding="UTF-8"?>
<testng-results ignored="0" total="4" passed="4" failed="0" skipped="0">
  <reporter-output>
  </reporter-output>
  <suite started-at="2025-04-07T18:22:40 IST" name="Suite" finished-at="2025-04-07T18:24:10 IST" duration-ms="90618">
    <groups>
      <group name="Master">
        <method signature="TC001_AccountRegistrationTest.verify_account_registration()[pri:0, instance:testCases.TC001_AccountRegistrationTest@18518ccf]" name="verify_account_registration" class="testCases.TC001_AccountRegistrationTest"/>
        <method signature="TC002_Logintest.testlogin()[pri:0, instance:testCases.TC002_Logintest@162be91c]" name="testlogin" class="testCases.TC002_Logintest"/>
        <method signature="TC001_AccountRegistrationTest.verify_account_registration()[pri:0, instance:testCases.TC001_AccountRegistrationTest@305f031]" name="verify_account_registration" class="testCases.TC001_AccountRegistrationTest"/>
        <method signature="TC002_Logintest.testlogin()[pri:0, instance:testCases.TC002_Logintest@592e843a]" name="testlogin" class="testCases.TC002_Logintest"/>
      </group> <!-- Master -->
      <group name="Sanity">
        <method signature="TC002_Logintest.testlogin()[pri:0, instance:testCases.TC002_Logintest@162be91c]" name="testlogin" class="testCases.TC002_Logintest"/>
        <method signature="TC002_Logintest.testlogin()[pri:0, instance:testCases.TC002_Logintest@592e843a]" name="testlogin" class="testCases.TC002_Logintest"/>
      </group> <!-- Sanity -->
      <group name="Regression">
        <method signature="TC001_AccountRegistrationTest.verify_account_registration()[pri:0, instance:testCases.TC001_AccountRegistrationTest@18518ccf]" name="verify_account_registration" class="testCases.TC001_AccountRegistrationTest"/>
        <method signature="TC002_Logintest.testlogin()[pri:0, instance:testCases.TC002_Logintest@162be91c]" name="testlogin" class="testCases.TC002_Logintest"/>
        <method signature="TC001_AccountRegistrationTest.verify_account_registration()[pri:0, instance:testCases.TC001_AccountRegistrationTest@305f031]" name="verify_account_registration" class="testCases.TC001_AccountRegistrationTest"/>
        <method signature="TC002_Logintest.testlogin()[pri:0, instance:testCases.TC002_Logintest@592e843a]" name="testlogin" class="testCases.TC002_Logintest"/>
      </group> <!-- Regression -->
    </groups>
    <test started-at="2025-04-07T18:22:40 IST" name="edgetest" finished-at="2025-04-07T18:23:36 IST" duration-ms="56015">
      <class name="testCases.TC002_Logintest">
        <test-method is-config="true" signature="openbrowser(java.lang.String,java.lang.String)[pri:0, instance:testCases.TC002_Logintest@162be91c]" started-at="2025-04-07T18:23:11 IST" name="openbrowser" finished-at="2025-04-07T18:23:29 IST" duration-ms="17691" status="PASS">
          <params>
            <param index="0">
              <value>
                <![CDATA[windows]]>
              </value>
            </param>
            <param index="1">
              <value>
                <![CDATA[Edge]]>
              </value>
            </param>
          </params>
          <reporter-output>
          </reporter-output>
        </test-method> <!-- openbrowser -->
        <test-method signature="testlogin()[pri:0, instance:testCases.TC002_Logintest@162be91c]" started-at="2025-04-07T18:23:29 IST" name="testlogin" finished-at="2025-04-07T18:23:34 IST" duration-ms="4578" status="PASS">
          <reporter-output>
          </reporter-output>
        </test-method> <!-- testlogin -->
        <test-method is-config="true" signature="closebrowser()[pri:0, instance:testCases.TC002_Logintest@162be91c]" started-at="2025-04-07T18:23:34 IST" name="closebrowser" finished-at="2025-04-07T18:23:36 IST" duration-ms="1868" status="PASS">
          <reporter-output>
          </reporter-output>
        </test-method> <!-- closebrowser -->
      </class> <!-- testCases.TC002_Logintest -->
      <class name="testCases.TC001_AccountRegistrationTest">
        <test-method is-config="true" signature="openbrowser(java.lang.String,java.lang.String)[pri:0, instance:testCases.TC001_AccountRegistrationTest@18518ccf]" started-at="2025-04-07T18:22:40 IST" name="openbrowser" finished-at="2025-04-07T18:22:59 IST" duration-ms="18852" status="PASS">
          <params>
            <param index="0">
              <value>
                <![CDATA[windows]]>
              </value>
            </param>
            <param index="1">
              <value>
                <![CDATA[Edge]]>
              </value>
            </param>
          </params>
          <reporter-output>
          </reporter-output>
        </test-method> <!-- openbrowser -->
        <test-method signature="verify_account_registration()[pri:0, instance:testCases.TC001_AccountRegistrationTest@18518ccf]" started-at="2025-04-07T18:22:59 IST" name="verify_account_registration" finished-at="2025-04-07T18:23:07 IST" duration-ms="7428" status="PASS">
          <reporter-output>
          </reporter-output>
        </test-method> <!-- verify_account_registration -->
        <test-method is-config="true" signature="closebrowser()[pri:0, instance:testCases.TC001_AccountRegistrationTest@18518ccf]" started-at="2025-04-07T18:23:07 IST" name="closebrowser" finished-at="2025-04-07T18:23:11 IST" duration-ms="4784" status="PASS">
          <reporter-output>
          </reporter-output>
        </test-method> <!-- closebrowser -->
      </class> <!-- testCases.TC001_AccountRegistrationTest -->
    </test> <!-- edgetest -->
    <test started-at="2025-04-07T18:23:37 IST" name="chrometest" finished-at="2025-04-07T18:24:10 IST" duration-ms="33347">
      <class name="testCases.TC002_Logintest">
        <test-method is-config="true" signature="openbrowser(java.lang.String,java.lang.String)[pri:0, instance:testCases.TC002_Logintest@592e843a]" started-at="2025-04-07T18:23:55 IST" name="openbrowser" finished-at="2025-04-07T18:24:07 IST" duration-ms="11694" status="PASS">
          <params>
            <param index="0">
              <value>
                <![CDATA[windows]]>
              </value>
            </param>
            <param index="1">
              <value>
                <![CDATA[chrome]]>
              </value>
            </param>
          </params>
          <reporter-output>
          </reporter-output>
        </test-method> <!-- openbrowser -->
        <test-method signature="testlogin()[pri:0, instance:testCases.TC002_Logintest@592e843a]" started-at="2025-04-07T18:24:07 IST" name="testlogin" finished-at="2025-04-07T18:24:10 IST" duration-ms="2812" status="PASS">
          <reporter-output>
          </reporter-output>
        </test-method> <!-- testlogin -->
        <test-method is-config="true" signature="closebrowser()[pri:0, instance:testCases.TC002_Logintest@592e843a]" started-at="2025-04-07T18:24:10 IST" name="closebrowser" finished-at="2025-04-07T18:24:10 IST" duration-ms="691" status="PASS">
          <reporter-output>
          </reporter-output>
        </test-method> <!-- closebrowser -->
      </class> <!-- testCases.TC002_Logintest -->
      <class name="testCases.TC001_AccountRegistrationTest">
        <test-method is-config="true" signature="openbrowser(java.lang.String,java.lang.String)[pri:0, instance:testCases.TC001_AccountRegistrationTest@305f031]" started-at="2025-04-07T18:23:37 IST" name="openbrowser" finished-at="2025-04-07T18:23:46 IST" duration-ms="9392" status="PASS">
          <params>
            <param index="0">
              <value>
                <![CDATA[windows]]>
              </value>
            </param>
            <param index="1">
              <value>
                <![CDATA[chrome]]>
              </value>
            </param>
          </params>
          <reporter-output>
          </reporter-output>
        </test-method> <!-- openbrowser -->
        <test-method signature="verify_account_registration()[pri:0, instance:testCases.TC001_AccountRegistrationTest@305f031]" started-at="2025-04-07T18:23:46 IST" name="verify_account_registration" finished-at="2025-04-07T18:23:54 IST" duration-ms="8063" status="PASS">
          <reporter-output>
          </reporter-output>
        </test-method> <!-- verify_account_registration -->
        <test-method is-config="true" signature="closebrowser()[pri:0, instance:testCases.TC001_AccountRegistrationTest@305f031]" started-at="2025-04-07T18:23:54 IST" name="closebrowser" finished-at="2025-04-07T18:23:55 IST" duration-ms="673" status="PASS">
          <reporter-output>
          </reporter-output>
        </test-method> <!-- closebrowser -->
      </class> <!-- testCases.TC001_AccountRegistrationTest -->
    </test> <!-- chrometest -->
  </suite> <!-- Suite -->
</testng-results>
